<?xml version="1.0" encoding="UTF-8"?>
<testng-results skipped="0" failed="0" ignored="0" total="1" passed="1">
  <reporter-output>
  </reporter-output>
  <suite name="Default suite" duration-ms="29012" started-at="2020-04-13T09:26:02Z" finished-at="2020-04-13T09:26:31Z">
    <groups>
    </groups>
    <test name="Default test" duration-ms="29012" started-at="2020-04-13T09:26:02Z" finished-at="2020-04-13T09:26:31Z">
      <class name="Com.Testcases.OpenbrowserTestcase">
        <test-method status="PASS" signature="test12()[pri:0, instance:Com.Testcases.OpenbrowserTestcase@6fc6f14e]" name="test12" duration-ms="28940" started-at="2020-04-13T14:56:02Z" finished-at="2020-04-13T14:56:31Z">
          <reporter-output>
          </reporter-output>
        </test-method> <!-- test12 -->
      </class> <!-- Com.Testcases.OpenbrowserTestcase -->
    </test> <!-- Default test -->
  </suite> <!-- Default suite -->
</testng-results>
