<?xml version="1.0" encoding="UTF-8"?>
<testng-results skipped="0" failed="0" ignored="0" total="1" passed="1">
  <reporter-output>
  </reporter-output>
  <suite name="Default suite" duration-ms="38854" started-at="2020-04-14T14:58:54Z" finished-at="2020-04-14T14:59:33Z">
    <groups>
    </groups>
    <test name="Default test" duration-ms="38854" started-at="2020-04-14T14:58:54Z" finished-at="2020-04-14T14:59:33Z">
      <class name="Com.Testcases.TakeScreenshot">
        <test-method status="PASS" signature="ScreenShot()[pri:0, instance:Com.Testcases.TakeScreenshot@6fc6f14e]" name="ScreenShot" duration-ms="38769" started-at="2020-04-14T20:28:54Z" finished-at="2020-04-14T20:29:33Z">
          <reporter-output>
          </reporter-output>
        </test-method> <!-- ScreenShot -->
      </class> <!-- Com.Testcases.TakeScreenshot -->
    </test> <!-- Default test -->
  </suite> <!-- Default suite -->
</testng-results>
